Working in 2D dimensions.
Computational cell is 16 x 16 x 0 with resolution 10
     block, center = (-2,3.5,0)
          size (12,1,1e+20)
          axes (1,0,0), (0,1,0), (0,0,1)
          dielectric constant epsilon diagonal = (12,12,12)
     block, center = (3.5,-2,0)
          size (1,12,1e+20)
          axes (1,0,0), (0,1,0), (0,0,1)
          dielectric constant epsilon diagonal = (12,12,12)
time for set_epsilon = 0.170675 s
-----------
creating output file "./90_deg_bend-ez-slice.h5"...
on time step 2332 (time=116.6), 0.00171557 s/step
-----------
Initializing structure...
Meep progress: 116.5/200.0 = 58.2% done in 4.0s, 2.9s to go
run 0 finished at t = 200.0 (4000 timesteps)
Traceback (most recent call last):
  File "90_deg_bend.py", line 44, in <module>
    plt.imshow(vals, interpolation = 'spline36', cmap = 'RdBu')
  File "/home/artiq/anaconda3/envs/mp/lib/python3.6/site-packages/matplotlib/pyplot.py", line 3205, in imshow
    **kwargs)
  File "/home/artiq/anaconda3/envs/mp/lib/python3.6/site-packages/matplotlib/__init__.py", line 1855, in inner
    return func(ax, *args, **kwargs)
  File "/home/artiq/anaconda3/envs/mp/lib/python3.6/site-packages/matplotlib/axes/_axes.py", line 5487, in imshow
    im.set_data(X)
  File "/home/artiq/anaconda3/envs/mp/lib/python3.6/site-packages/matplotlib/image.py", line 653, in set_data
    raise TypeError("Invalid dimensions for image data")
TypeError: Invalid dimensions for image data

Elapsed run time = 7.8301 s

Field time usage:
     connecting chunks: 0.0693121 s
         time stepping: 4.82891 s
         communicating: 0.503654 s
     outputting fields: 0.804831 s
    Fourier transforming: 0.00247264 s
       everything else: 0.669436 s

